<?xml version="1.0" encoding="UTF-8"?>
<!-- Generated by org.testng.reporters.JUnitReportReporter -->
<testsuite hostname="LAPTOP-FHFSTG3K" failures="0" tests="1" name="com.PhilipsHealthcare.pagetest.indexpagetest" time="14.305" errors="0" timestamp="2022-08-29T13:13:35 IST" skipped="0">
  <testcase classname="com.PhilipsHealthcare.pagetest.indexpagetest" name="consumerproduct" time="14.305"/>
  <system-out/>
</testsuite> <!-- com.PhilipsHealthcare.pagetest.indexpagetest -->
